This is XeTeX, Version 3.141592653-2.6-0.999995 (TeX Live 2023/Debian) (preloaded format=xelatex 2024.10.28)  12 APR 2025 21:26
entering extended mode
 \write18 enabled.
 file:line:error style messages enabled.
 %&-line parsing enabled.
**/home/nikolis/Desktop/5o_etos/ai/predicting_alzheimers/latex/a
(/home/nikolis/Desktop/5o_etos/ai/predicting_alzheimers/latex/a.tex
LaTeX2e <2023-11-01> patch level 1
L3 programming layer <2024-01-22>
(/usr/share/texlive/texmf-dist/tex/latex/base/article.cls
Document Class: article 2023/05/17 v1.4n Standard LaTeX document class
(/usr/share/texlive/texmf-dist/tex/latex/base/size11.clo
File: size11.clo 2023/05/17 v1.4n Standard LaTeX file (size option)
)
\c@part=\count183
\c@section=\count184
\c@subsection=\count185
\c@subsubsection=\count186
\c@paragraph=\count187
\c@subparagraph=\count188
\c@figure=\count189
\c@table=\count190
\abovecaptionskip=\skip48
\belowcaptionskip=\skip49
\bibindent=\dimen140
) (/usr/share/texlive/texmf-dist/tex/latex/fontspec/fontspec.sty (/usr/share/texlive/texmf-dist/tex/latex/l3packages/xparse/xparse.sty (/usr/share/texlive/texmf-dist/tex/latex/l3kernel/expl3.sty
Package: expl3 2024-01-22 L3 programming layer (loader) 
 (/usr/share/texlive/texmf-dist/tex/latex/l3backend/l3backend-xetex.def
File: l3backend-xetex.def 2024-01-04 L3 backend support: XeTeX
\g__graphics_track_int=\count191
\l__pdf_internal_box=\box51
\g__pdf_backend_object_int=\count192
\g__pdf_backend_annotation_int=\count193
\g__pdf_backend_link_int=\count194
))
Package: xparse 2023-10-10 L3 Experimental document command parser
)
Package: fontspec 2022/01/15 v2.8a Font selection for XeLaTeX and LuaLaTeX
 (/usr/share/texlive/texmf-dist/tex/latex/fontspec/fontspec-xetex.sty
Package: fontspec-xetex 2022/01/15 v2.8a Font selection for XeLaTeX and LuaLaTeX
\l__fontspec_script_int=\count195
\l__fontspec_language_int=\count196
\l__fontspec_strnum_int=\count197
\l__fontspec_tmp_int=\count198
\l__fontspec_tmpa_int=\count199
\l__fontspec_tmpb_int=\count266
\l__fontspec_tmpc_int=\count267
\l__fontspec_em_int=\count268
\l__fontspec_emdef_int=\count269
\l__fontspec_strong_int=\count270
\l__fontspec_strongdef_int=\count271
\l__fontspec_tmpa_dim=\dimen141
\l__fontspec_tmpb_dim=\dimen142
\l__fontspec_tmpc_dim=\dimen143
 (/usr/share/texlive/texmf-dist/tex/latex/base/fontenc.sty
Package: fontenc 2021/04/29 v2.0v Standard LaTeX package
) (/usr/share/texlive/texmf-dist/tex/latex/fontspec/fontspec.cfg))) (/usr/share/texlive/texmf-dist/tex/generic/babel/babel.sty
Package: babel 2024/01/07 v24.1 The Babel package
\babel@savecnt=\count272
\U@D=\dimen144
\l@unhyphenated=\language89
 (/usr/share/texlive/texmf-dist/tex/generic/babel/xebabel.def)
\bbl@readstream=\read2
\bbl@dirlevel=\count273
 (/usr/share/texlive/texmf-dist/tex/generic/babel-greek/greek.ldf
Language: greek 2023/10/13 1.15 Greek support for the babel system
\bbl@monogreek=\count274
\bbl@polygreek=\count275
\bbl@ancientgreek=\count276
 (/usr/share/texlive/texmf-dist/tex/latex/greek-fontenc/tuenc-greek.def
File: tuenc-greek.def 2023-09-12 2.5 Greek LICRs for XeTeX and LuaTeX
 (/usr/share/texlive/texmf-dist/tex/latex/greek-fontenc/greek-fontenc.def
File: greek-fontenc.def 2023-09-12 2.5 Common Greek font encoding definitions
))) (/usr/share/texlive/texmf-dist/tex/generic/babel-english/english.ldf
Language: english 2017/06/06 v3.3r English support from the babel system
Package babel Info: Hyphen rules for 'canadian' set to \l@english
(babel)             (\language0). Reported on input line 102.
Package babel Info: Hyphen rules for 'australian' set to \l@ukenglish
(babel)             (\language77). Reported on input line 105.
Package babel Info: Hyphen rules for 'newzealand' set to \l@ukenglish
(babel)             (\language77). Reported on input line 108.
)) (/usr/share/texlive/texmf-dist/tex/generic/babel/locale/en/babel-english.tex
Package babel Info: Importing font and identification data for english
(babel)             from babel-en.ini. Reported on input line 11.
) (/usr/share/texlive/texmf-dist/tex/generic/babel/locale/el/babel-greek.tex
Package babel Info: Importing font and identification data for greek
(babel)             from babel-el.ini. Reported on input line 11.
) (/usr/share/texlive/texmf-dist/tex/latex/xcolor/xcolor.sty
Package: xcolor 2023/11/15 v3.01 LaTeX color extensions (UK)
 (/usr/share/texlive/texmf-dist/tex/latex/graphics-cfg/color.cfg
File: color.cfg 2016/01/02 v1.6 sample color configuration
)
Package xcolor Info: Driver file: xetex.def on input line 274.
 (/usr/share/texlive/texmf-dist/tex/latex/graphics-def/xetex.def
File: xetex.def 2022/09/22 v5.0n Graphics/color driver for xetex
) (/usr/share/texlive/texmf-dist/tex/latex/graphics/mathcolor.ltx)
Package xcolor Info: Model `cmy' substituted by `cmy0' on input line 1350.
Package xcolor Info: Model `RGB' extended on input line 1366.
Package xcolor Info: Model `HTML' substituted by `rgb' on input line 1368.
Package xcolor Info: Model `Hsb' substituted by `hsb' on input line 1369.
Package xcolor Info: Model `tHsb' substituted by `hsb' on input line 1370.
Package xcolor Info: Model `HSB' substituted by `hsb' on input line 1371.
Package xcolor Info: Model `Gray' substituted by `gray' on input line 1372.
Package xcolor Info: Model `wave' substituted by `hsb' on input line 1373.
) (/usr/share/texlive/texmf-dist/tex/latex/xgreek/xgreek.sty
File: xgreek.sty 2024/01/30 v3.4.0 Package `xgreek.sty'
 Package 'xgreek' version 3.4.0 by Apostolos Syropoulos
\@attic@num=\count277
) (/usr/share/texlive/texmf-dist/tex/latex/tcolorbox/tcolorbox.sty
Package: tcolorbox 2024/01/10 version 6.2.0 text color boxes
 (/usr/share/texlive/texmf-dist/tex/latex/pgf/basiclayer/pgf.sty (/usr/share/texlive/texmf-dist/tex/latex/pgf/utilities/pgfrcs.sty (/usr/share/texlive/texmf-dist/tex/generic/pgf/utilities/pgfutil-common.tex
\pgfutil@everybye=\toks17
\pgfutil@tempdima=\dimen145
\pgfutil@tempdimb=\dimen146
) (/usr/share/texlive/texmf-dist/tex/generic/pgf/utilities/pgfutil-latex.def
\pgfutil@abb=\box52
) (/usr/share/texlive/texmf-dist/tex/generic/pgf/utilities/pgfrcs.code.tex (/usr/share/texlive/texmf-dist/tex/generic/pgf/pgf.revision.tex)
Package: pgfrcs 2023-01-15 v3.1.10 (3.1.10)
))
Package: pgf 2023-01-15 v3.1.10 (3.1.10)
 (/usr/share/texlive/texmf-dist/tex/latex/pgf/basiclayer/pgfcore.sty (/usr/share/texlive/texmf-dist/tex/latex/graphics/graphicx.sty
Package: graphicx 2021/09/16 v1.2d Enhanced LaTeX Graphics (DPC,SPQR)
 (/usr/share/texlive/texmf-dist/tex/latex/graphics/keyval.sty
Package: keyval 2022/05/29 v1.15 key=value parser (DPC)
\KV@toks@=\toks18
) (/usr/share/texlive/texmf-dist/tex/latex/graphics/graphics.sty
Package: graphics 2022/03/10 v1.4e Standard LaTeX Graphics (DPC,SPQR)
 (/usr/share/texlive/texmf-dist/tex/latex/graphics/trig.sty
Package: trig 2021/08/11 v1.11 sin cos tan (DPC)
) (/usr/share/texlive/texmf-dist/tex/latex/graphics-cfg/graphics.cfg
File: graphics.cfg 2016/06/04 v1.11 sample graphics configuration
)
Package graphics Info: Driver file: xetex.def on input line 107.
)
\Gin@req@height=\dimen147
\Gin@req@width=\dimen148
) (/usr/share/texlive/texmf-dist/tex/latex/pgf/systemlayer/pgfsys.sty (/usr/share/texlive/texmf-dist/tex/generic/pgf/systemlayer/pgfsys.code.tex
Package: pgfsys 2023-01-15 v3.1.10 (3.1.10)
 (/usr/share/texlive/texmf-dist/tex/generic/pgf/utilities/pgfkeys.code.tex
\pgfkeys@pathtoks=\toks19
\pgfkeys@temptoks=\toks20
 (/usr/share/texlive/texmf-dist/tex/generic/pgf/utilities/pgfkeyslibraryfiltered.code.tex
\pgfkeys@tmptoks=\toks21
))
\pgf@x=\dimen149
\pgf@y=\dimen150
\pgf@xa=\dimen151
\pgf@ya=\dimen152
\pgf@xb=\dimen153
\pgf@yb=\dimen154
\pgf@xc=\dimen155
\pgf@yc=\dimen156
\pgf@xd=\dimen157
\pgf@yd=\dimen158
\w@pgf@writea=\write3
\r@pgf@reada=\read3
\c@pgf@counta=\count278
\c@pgf@countb=\count279
\c@pgf@countc=\count280
\c@pgf@countd=\count281
\t@pgf@toka=\toks22
\t@pgf@tokb=\toks23
\t@pgf@tokc=\toks24
\pgf@sys@id@count=\count282
 (/usr/share/texlive/texmf-dist/tex/generic/pgf/systemlayer/pgf.cfg
File: pgf.cfg 2023-01-15 v3.1.10 (3.1.10)
)
Driver file for pgf: pgfsys-xetex.def
 (/usr/share/texlive/texmf-dist/tex/generic/pgf/systemlayer/pgfsys-xetex.def
File: pgfsys-xetex.def 2023-01-15 v3.1.10 (3.1.10)
 (/usr/share/texlive/texmf-dist/tex/generic/pgf/systemlayer/pgfsys-dvipdfmx.def
File: pgfsys-dvipdfmx.def 2023-01-15 v3.1.10 (3.1.10)
 (/usr/share/texlive/texmf-dist/tex/generic/pgf/systemlayer/pgfsys-common-pdf.def
File: pgfsys-common-pdf.def 2023-01-15 v3.1.10 (3.1.10)
)
\pgfsys@objnum=\count283
))) (/usr/share/texlive/texmf-dist/tex/generic/pgf/systemlayer/pgfsyssoftpath.code.tex
File: pgfsyssoftpath.code.tex 2023-01-15 v3.1.10 (3.1.10)
\pgfsyssoftpath@smallbuffer@items=\count284
\pgfsyssoftpath@bigbuffer@items=\count285
) (/usr/share/texlive/texmf-dist/tex/generic/pgf/systemlayer/pgfsysprotocol.code.tex
File: pgfsysprotocol.code.tex 2023-01-15 v3.1.10 (3.1.10)
)) (/usr/share/texlive/texmf-dist/tex/generic/pgf/basiclayer/pgfcore.code.tex
Package: pgfcore 2023-01-15 v3.1.10 (3.1.10)
 (/usr/share/texlive/texmf-dist/tex/generic/pgf/math/pgfmath.code.tex (/usr/share/texlive/texmf-dist/tex/generic/pgf/math/pgfmathutil.code.tex) (/usr/share/texlive/texmf-dist/tex/generic/pgf/math/pgfmathparser.code.tex
\pgfmath@dimen=\dimen159
\pgfmath@count=\count286
\pgfmath@box=\box53
\pgfmath@toks=\toks25
\pgfmath@stack@operand=\toks26
\pgfmath@stack@operation=\toks27
) (/usr/share/texlive/texmf-dist/tex/generic/pgf/math/pgfmathfunctions.code.tex) (/usr/share/texlive/texmf-dist/tex/generic/pgf/math/pgfmathfunctions.basic.code.tex) (/usr/share/texlive/texmf-dist/tex/generic/pgf/math/pgfmathfunctions.trigonometric.code.tex) (/usr/share/texlive/texmf-dist/tex/generic/pgf/math/pgfmathfunctions.random.code.tex) (/usr/share/texlive/texmf-dist/tex/generic/pgf/math/pgfmathfunctions.comparison.code.tex) (/usr/share/texlive/texmf-dist/tex/generic/pgf/math/pgfmathfunctions.base.code.tex) (/usr/share/texlive/texmf-dist/tex/generic/pgf/math/pgfmathfunctions.round.code.tex) (/usr/share/texlive/texmf-dist/tex/generic/pgf/math/pgfmathfunctions.misc.code.tex) (/usr/share/texlive/texmf-dist/tex/generic/pgf/math/pgfmathfunctions.integerarithmetics.code.tex) (/usr/share/texlive/texmf-dist/tex/generic/pgf/math/pgfmathcalc.code.tex) (/usr/share/texlive/texmf-dist/tex/generic/pgf/math/pgfmathfloat.code.tex
\c@pgfmathroundto@lastzeros=\count287
)) (/usr/share/texlive/texmf-dist/tex/generic/pgf/math/pgfint.code.tex) (/usr/share/texlive/texmf-dist/tex/generic/pgf/basiclayer/pgfcorepoints.code.tex
File: pgfcorepoints.code.tex 2023-01-15 v3.1.10 (3.1.10)
\pgf@picminx=\dimen160
\pgf@picmaxx=\dimen161
\pgf@picminy=\dimen162
\pgf@picmaxy=\dimen163
\pgf@pathminx=\dimen164
\pgf@pathmaxx=\dimen165
\pgf@pathminy=\dimen166
\pgf@pathmaxy=\dimen167
\pgf@xx=\dimen168
\pgf@xy=\dimen169
\pgf@yx=\dimen170
\pgf@yy=\dimen171
\pgf@zx=\dimen172
\pgf@zy=\dimen173
) (/usr/share/texlive/texmf-dist/tex/generic/pgf/basiclayer/pgfcorepathconstruct.code.tex
File: pgfcorepathconstruct.code.tex 2023-01-15 v3.1.10 (3.1.10)
\pgf@path@lastx=\dimen174
\pgf@path@lasty=\dimen175
) (/usr/share/texlive/texmf-dist/tex/generic/pgf/basiclayer/pgfcorepathusage.code.tex
File: pgfcorepathusage.code.tex 2023-01-15 v3.1.10 (3.1.10)
\pgf@shorten@end@additional=\dimen176
\pgf@shorten@start@additional=\dimen177
) (/usr/share/texlive/texmf-dist/tex/generic/pgf/basiclayer/pgfcorescopes.code.tex
File: pgfcorescopes.code.tex 2023-01-15 v3.1.10 (3.1.10)
\pgfpic=\box54
\pgf@hbox=\box55
\pgf@layerbox@main=\box56
\pgf@picture@serial@count=\count288
) (/usr/share/texlive/texmf-dist/tex/generic/pgf/basiclayer/pgfcoregraphicstate.code.tex
File: pgfcoregraphicstate.code.tex 2023-01-15 v3.1.10 (3.1.10)
\pgflinewidth=\dimen178
) (/usr/share/texlive/texmf-dist/tex/generic/pgf/basiclayer/pgfcoretransformations.code.tex
File: pgfcoretransformations.code.tex 2023-01-15 v3.1.10 (3.1.10)
\pgf@pt@x=\dimen179
\pgf@pt@y=\dimen180
\pgf@pt@temp=\dimen181
) (/usr/share/texlive/texmf-dist/tex/generic/pgf/basiclayer/pgfcorequick.code.tex
File: pgfcorequick.code.tex 2023-01-15 v3.1.10 (3.1.10)
) (/usr/share/texlive/texmf-dist/tex/generic/pgf/basiclayer/pgfcoreobjects.code.tex
File: pgfcoreobjects.code.tex 2023-01-15 v3.1.10 (3.1.10)
) (/usr/share/texlive/texmf-dist/tex/generic/pgf/basiclayer/pgfcorepathprocessing.code.tex
File: pgfcorepathprocessing.code.tex 2023-01-15 v3.1.10 (3.1.10)
) (/usr/share/texlive/texmf-dist/tex/generic/pgf/basiclayer/pgfcorearrows.code.tex
File: pgfcorearrows.code.tex 2023-01-15 v3.1.10 (3.1.10)
\pgfarrowsep=\dimen182
) (/usr/share/texlive/texmf-dist/tex/generic/pgf/basiclayer/pgfcoreshade.code.tex
File: pgfcoreshade.code.tex 2023-01-15 v3.1.10 (3.1.10)
\pgf@max=\dimen183
\pgf@sys@shading@range@num=\count289
\pgf@shadingcount=\count290
) (/usr/share/texlive/texmf-dist/tex/generic/pgf/basiclayer/pgfcoreimage.code.tex
File: pgfcoreimage.code.tex 2023-01-15 v3.1.10 (3.1.10)
) (/usr/share/texlive/texmf-dist/tex/generic/pgf/basiclayer/pgfcoreexternal.code.tex
File: pgfcoreexternal.code.tex 2023-01-15 v3.1.10 (3.1.10)
\pgfexternal@startupbox=\box57
) (/usr/share/texlive/texmf-dist/tex/generic/pgf/basiclayer/pgfcorelayers.code.tex
File: pgfcorelayers.code.tex 2023-01-15 v3.1.10 (3.1.10)
) (/usr/share/texlive/texmf-dist/tex/generic/pgf/basiclayer/pgfcoretransparency.code.tex
File: pgfcoretransparency.code.tex 2023-01-15 v3.1.10 (3.1.10)
) (/usr/share/texlive/texmf-dist/tex/generic/pgf/basiclayer/pgfcorepatterns.code.tex
File: pgfcorepatterns.code.tex 2023-01-15 v3.1.10 (3.1.10)
) (/usr/share/texlive/texmf-dist/tex/generic/pgf/basiclayer/pgfcorerdf.code.tex
File: pgfcorerdf.code.tex 2023-01-15 v3.1.10 (3.1.10)
))) (/usr/share/texlive/texmf-dist/tex/generic/pgf/modules/pgfmoduleshapes.code.tex
File: pgfmoduleshapes.code.tex 2023-01-15 v3.1.10 (3.1.10)
\pgfnodeparttextbox=\box58
) (/usr/share/texlive/texmf-dist/tex/generic/pgf/modules/pgfmoduleplot.code.tex
File: pgfmoduleplot.code.tex 2023-01-15 v3.1.10 (3.1.10)
) (/usr/share/texlive/texmf-dist/tex/latex/pgf/compatibility/pgfcomp-version-0-65.sty
Package: pgfcomp-version-0-65 2023-01-15 v3.1.10 (3.1.10)
\pgf@nodesepstart=\dimen184
\pgf@nodesepend=\dimen185
) (/usr/share/texlive/texmf-dist/tex/latex/pgf/compatibility/pgfcomp-version-1-18.sty
Package: pgfcomp-version-1-18 2023-01-15 v3.1.10 (3.1.10)
)) (/usr/share/texlive/texmf-dist/tex/latex/tools/verbatim.sty
Package: verbatim 2023-11-06 v1.5v LaTeX2e package for verbatim enhancements
\every@verbatim=\toks28
\verbatim@line=\toks29
\verbatim@in@stream=\read4
) (/usr/share/texlive/texmf-dist/tex/latex/environ/environ.sty
Package: environ 2014/05/04 v0.3 A new way to define environments
 (/usr/share/texlive/texmf-dist/tex/latex/trimspaces/trimspaces.sty
Package: trimspaces 2009/09/17 v1.1 Trim spaces around a token list
)
\@envbody=\toks30
) (/usr/share/texlive/texmf-dist/tex/latex/etoolbox/etoolbox.sty
Package: etoolbox 2020/10/05 v2.5k e-TeX tools for LaTeX (JAW)
\etb@tempcnta=\count291
)
\tcb@titlebox=\box59
\tcb@upperbox=\box60
\tcb@lowerbox=\box61
\tcb@phantombox=\box62
\c@tcbbreakpart=\count292
\c@tcblayer=\count293
\c@tcolorbox@number=\count294
\l__tcobox_tmpa_box=\box63
\l__tcobox_tmpa_dim=\dimen186
\tcb@temp=\box64
\tcb@temp=\box65
\tcb@temp=\box66
\tcb@temp=\box67
) (/usr/share/texlive/texmf-dist/tex/latex/hyperref/hyperref.sty
Package: hyperref 2024-01-20 v7.01h Hypertext links for LaTeX
 (/usr/share/texlive/texmf-dist/tex/generic/iftex/iftex.sty
Package: iftex 2022/02/03 v1.0f TeX engine tests
) (/usr/share/texlive/texmf-dist/tex/latex/kvsetkeys/kvsetkeys.sty
Package: kvsetkeys 2022-10-05 v1.19 Key value parser (HO)
) (/usr/share/texlive/texmf-dist/tex/generic/kvdefinekeys/kvdefinekeys.sty
Package: kvdefinekeys 2019-12-19 v1.6 Define keys (HO)
) (/usr/share/texlive/texmf-dist/tex/generic/pdfescape/pdfescape.sty
Package: pdfescape 2019/12/09 v1.15 Implements pdfTeX's escape features (HO)
 (/usr/share/texlive/texmf-dist/tex/generic/ltxcmds/ltxcmds.sty
Package: ltxcmds 2023-12-04 v1.26 LaTeX kernel commands for general use (HO)
) (/usr/share/texlive/texmf-dist/tex/generic/pdftexcmds/pdftexcmds.sty
Package: pdftexcmds 2020-06-27 v0.33 Utility functions of pdfTeX for LuaTeX (HO)
 (/usr/share/texlive/texmf-dist/tex/generic/infwarerr/infwarerr.sty
Package: infwarerr 2019/12/03 v1.5 Providing info/warning/error messages (HO)
)
Package pdftexcmds Info: \pdf@primitive is available.
Package pdftexcmds Info: \pdf@ifprimitive is available.
Package pdftexcmds Info: \pdfdraftmode not found.
)) (/usr/share/texlive/texmf-dist/tex/latex/hycolor/hycolor.sty
Package: hycolor 2020-01-27 v1.10 Color options for hyperref/bookmark (HO)
) (/usr/share/texlive/texmf-dist/tex/latex/auxhook/auxhook.sty
Package: auxhook 2019-12-17 v1.6 Hooks for auxiliary files (HO)
) (/usr/share/texlive/texmf-dist/tex/latex/hyperref/nameref.sty
Package: nameref 2023-11-26 v2.56 Cross-referencing by name of section
 (/usr/share/texlive/texmf-dist/tex/latex/refcount/refcount.sty
Package: refcount 2019/12/15 v3.6 Data extraction from label references (HO)
) (/usr/share/texlive/texmf-dist/tex/generic/gettitlestring/gettitlestring.sty
Package: gettitlestring 2019/12/15 v1.6 Cleanup title references (HO)
 (/usr/share/texlive/texmf-dist/tex/latex/kvoptions/kvoptions.sty
Package: kvoptions 2022-06-15 v3.15 Key value format for package options (HO)
))
\c@section@level=\count295
)
\@linkdim=\dimen187
\Hy@linkcounter=\count296
\Hy@pagecounter=\count297
 (/usr/share/texlive/texmf-dist/tex/latex/hyperref/pd1enc.def
File: pd1enc.def 2024-01-20 v7.01h Hyperref: PDFDocEncoding definition (HO)
) (/usr/share/texlive/texmf-dist/tex/generic/intcalc/intcalc.sty
Package: intcalc 2019/12/15 v1.3 Expandable calculations with integers (HO)
)
\Hy@SavedSpaceFactor=\count298
 (/usr/share/texlive/texmf-dist/tex/latex/hyperref/puenc.def
File: puenc.def 2024-01-20 v7.01h Hyperref: PDF Unicode definition (HO)
 (/usr/share/texlive/texmf-dist/tex/latex/greek-fontenc/puenc-greek.def
File: puenc-greek.def 2023-09-12 2.5 Greek LICRs for PDF strings
 (/usr/share/texlive/texmf-dist/tex/latex/greek-fontenc/greek-fontenc.def
File: greek-fontenc.def 2023-09-12 2.5 Common Greek font encoding definitions
)))
Package hyperref Info: Hyper figures OFF on input line 4179.
Package hyperref Info: Link nesting OFF on input line 4184.
Package hyperref Info: Hyper index ON on input line 4187.
Package hyperref Info: Plain pages OFF on input line 4194.
Package hyperref Info: Backreferencing OFF on input line 4199.
Package hyperref Info: Implicit mode ON; LaTeX internals redefined.
Package hyperref Info: Bookmarks ON on input line 4446.
\c@Hy@tempcnt=\count299
 (/usr/share/texlive/texmf-dist/tex/latex/url/url.sty
\Urlmuskip=\muskip16
Package: url 2013/09/16  ver 3.4  Verb mode for urls, etc.
)
LaTeX Info: Redefining \url on input line 4784.
\XeTeXLinkMargin=\dimen188
 (/usr/share/texlive/texmf-dist/tex/generic/bitset/bitset.sty
Package: bitset 2019/12/09 v1.3 Handle bit-vector datatype (HO)
 (/usr/share/texlive/texmf-dist/tex/generic/bigintcalc/bigintcalc.sty
Package: bigintcalc 2019/12/15 v1.5 Expandable calculations on big integers (HO)
))
\Fld@menulength=\count300
\Field@Width=\dimen189
\Fld@charsize=\dimen190
Package hyperref Info: Hyper figures OFF on input line 6063.
Package hyperref Info: Link nesting OFF on input line 6068.
Package hyperref Info: Hyper index ON on input line 6071.
Package hyperref Info: backreferencing OFF on input line 6078.
Package hyperref Info: Link coloring OFF on input line 6083.
Package hyperref Info: Link coloring with OCG OFF on input line 6088.
Package hyperref Info: PDF/A mode OFF on input line 6093.
 (/usr/share/texlive/texmf-dist/tex/latex/base/atbegshi-ltx.sty
Package: atbegshi-ltx 2021/01/10 v1.0c Emulation of the original atbegshi
package with kernel methods
)
\Hy@abspage=\count301
\c@Item=\count302
\c@Hfootnote=\count303
)
Package hyperref Info: Driver (autodetected): hxetex.
 (/usr/share/texlive/texmf-dist/tex/latex/hyperref/hxetex.def
File: hxetex.def 2024-01-20 v7.01h Hyperref driver for XeTeX
 (/usr/share/texlive/texmf-dist/tex/generic/stringenc/stringenc.sty
Package: stringenc 2019/11/29 v1.12 Convert strings between diff. encodings (HO)
)
\pdfm@box=\box68
\c@Hy@AnnotLevel=\count304
\HyField@AnnotCount=\count305
\Fld@listcount=\count306
\c@bookmark@seq@number=\count307
 (/usr/share/texlive/texmf-dist/tex/latex/rerunfilecheck/rerunfilecheck.sty
Package: rerunfilecheck 2022-07-10 v1.10 Rerun checks for auxiliary files (HO)
 (/usr/share/texlive/texmf-dist/tex/latex/base/atveryend-ltx.sty
Package: atveryend-ltx 2020/08/19 v1.0a Emulation of the original atveryend package
with kernel methods
) (/usr/share/texlive/texmf-dist/tex/generic/uniquecounter/uniquecounter.sty
Package: uniquecounter 2019/12/15 v1.4 Provide unlimited unique counter (HO)
)
Package uniquecounter Info: New unique counter `rerunfilecheck' on input line 285.
)
\Hy@SectionHShift=\skip50
) (/usr/share/texlive/texmf-dist/tex/latex/enumitem/enumitem.sty
Package: enumitem 2019/06/20 v3.9 Customized lists
\labelindent=\skip51
\enit@outerparindent=\dimen191
\enit@toks=\toks31
\enit@inbox=\box69
\enit@count@id=\count308
\enitdp@description=\count309
) (/usr/share/texlive/texmf-dist/tex/latex/float/float.sty
Package: float 2001/11/08 v1.3d Float enhancements (AL)
\c@float@type=\count310
\float@exts=\toks32
\float@box=\box70
\@float@everytoks=\toks33
\@floatcapt=\box71
) (/usr/share/texlive/texmf-dist/tex/latex/caption/caption.sty
Package: caption 2023/08/05 v3.6o Customizing captions (AR)
 (/usr/share/texlive/texmf-dist/tex/latex/caption/caption3.sty
Package: caption3 2023/07/31 v2.4d caption3 kernel (AR)
\caption@tempdima=\dimen192
\captionmargin=\dimen193
\caption@leftmargin=\dimen194
\caption@rightmargin=\dimen195
\caption@width=\dimen196
\caption@indent=\dimen197
\caption@parindent=\dimen198
\caption@hangindent=\dimen199
Package caption Info: Standard document class detected.
)
\c@caption@flags=\count311
\c@continuedfloat=\count312
Package caption Info: float package is loaded.
Package caption Info: hyperref package is loaded.
) (/usr/share/texlive/texmf-dist/tex/latex/caption/subcaption.sty
Package: subcaption 2023/07/28 v1.6b Sub-captions (AR)
Package caption Info: New subtype `subfigure' on input line 238.
\c@subfigure=\count313
Package caption Info: New subtype `subtable' on input line 238.
\c@subtable=\count314
) (/usr/share/texlive/texmf-dist/tex/latex/listings/listings.sty
\lst@mode=\count315
\lst@gtempboxa=\box72
\lst@token=\toks34
\lst@length=\count316
\lst@currlwidth=\dimen256
\lst@column=\count317
\lst@pos=\count318
\lst@lostspace=\dimen257
\lst@width=\dimen258
\lst@newlines=\count319
\lst@lineno=\count320
\lst@maxwidth=\dimen259
 (/usr/share/texlive/texmf-dist/tex/latex/listings/lstmisc.sty
File: lstmisc.sty 2023/02/27 1.9 (Carsten Heinz)
\c@lstnumber=\count321
\lst@skipnumbers=\count322
\lst@framebox=\box73
) (/usr/share/texlive/texmf-dist/tex/latex/listings/listings.cfg
File: listings.cfg 2023/02/27 1.9 listings configuration
))
Package: listings 2023/02/27 1.9 (Carsten Heinz)
 (/usr/share/texlive/texmf-dist/tex/latex/fmtcount/fmtcount.sty
Invalid UTF-8 byte or sequence at line 10 replaced by U+FFFD.
Invalid UTF-8 byte or sequence at line 22 replaced by U+FFFD.
Package: fmtcount 2020/01/30 v3.07
 (/usr/share/texlive/texmf-dist/tex/latex/base/ifthen.sty
Package: ifthen 2022/04/13 v1.1d Standard LaTeX ifthen package (DPC)
) (/usr/share/texlive/texmf-dist/tex/latex/xkeyval/xkeyval.sty
Package: xkeyval 2022/06/16 v2.9 package option processing (HA)
 (/usr/share/texlive/texmf-dist/tex/generic/xkeyval/xkeyval.tex (/usr/share/texlive/texmf-dist/tex/generic/xkeyval/xkvutils.tex
\XKV@toks=\toks35
\XKV@tempa@toks=\toks36
)
\XKV@depth=\count323
File: xkeyval.tex 2014/12/03 v2.7a key=value parser (HA)
)) (/usr/share/texlive/texmf-dist/tex/latex/fmtcount/fcprefix.sty
Invalid UTF-8 byte or sequence at line 10 replaced by U+FFFD.
Invalid UTF-8 byte or sequence at line 22 replaced by U+FFFD.
Package: fcprefix 2012/09/28
 (/usr/share/texlive/texmf-dist/tex/latex/fmtcount/fcnumparser.sty
Invalid UTF-8 byte or sequence at line 10 replaced by U+FFFD.
Invalid UTF-8 byte or sequence at line 22 replaced by U+FFFD.
Package: fcnumparser 2017/06/15
\fc@digit@counter=\count324
)) (/usr/share/texlive/texmf-dist/tex/latex/amsmath/amsgen.sty
File: amsgen.sty 1999/11/30 v2.0 generic functions
\@emptytoks=\toks37
\ex@=\dimen260
)
\c@padzeroesN=\count325
\fc@tmpcatcode=\count326
 (/usr/share/texlive/texmf-dist/tex/latex/fmtcount/fc-english.def
Invalid UTF-8 byte or sequence at line 10 replaced by U+FFFD.
Invalid UTF-8 byte or sequence at line 22 replaced by U+FFFD.
File: fc-english.def 2016/01/12
)
\@DT@modctr=\count327
\@ordinalctr=\count328
\@orgargctr=\count329
\@strctr=\count330
\@tmpstrctr=\count331
\@DT@loopN=\count332
\@DT@X=\count333
) (/usr/share/texlive/texmf-dist/tex/latex/titlesec/titlesec.sty
Package: titlesec 2023/10/27 v2.16 Sectioning titles
\ttl@box=\box74
\beforetitleunit=\skip52
\aftertitleunit=\skip53
\ttl@plus=\dimen261
\ttl@minus=\dimen262
\ttl@toksa=\toks38
\titlewidth=\dimen263
\titlewidthlast=\dimen264
\titlewidthfirst=\dimen265
) (/usr/share/texlive/texmf-dist/tex/latex/minted/minted.sty
Package: minted 2023/12/18 v2.9 Yet another Pygments shim for LaTeX
 (/usr/share/texlive/texmf-dist/tex/latex/fvextra/fvextra.sty
Package: fvextra 2023/11/28 v1.6.1 fvextra - extensions and patches for fancyvrb
 (/usr/share/texlive/texmf-dist/tex/latex/fancyvrb/fancyvrb.sty
Package: fancyvrb 2024/01/20 4.5c verbatim text (tvz,hv)
\FV@CodeLineNo=\count334
\FV@InFile=\read5
\FV@TabBox=\box75
\c@FancyVerbLine=\count335
\FV@StepNumber=\count336
\FV@OutFile=\write4
) (/usr/share/texlive/texmf-dist/tex/latex/upquote/upquote.sty
Package: upquote 2012/04/19 v1.3 upright-quote and grave-accent glyphs in verbatim
 (/usr/share/texlive/texmf-dist/tex/latex/base/textcomp.sty
Package: textcomp 2020/02/02 v2.0n Standard LaTeX package
)) (/usr/share/texlive/texmf-dist/tex/latex/lineno/lineno.sty
Package: lineno 2023/05/20 line numbers on paragraphs v5.3
Invalid UTF-8 byte or sequence at line 292 replaced by U+FFFD.
\linenopenalty=\count337
\output=\toks39
\linenoprevgraf=\count338
\linenumbersep=\dimen266
\linenumberwidth=\dimen267
\c@linenumber=\count339
\c@pagewiselinenumber=\count340
\c@LN@truepage=\count341
\c@internallinenumber=\count342
\c@internallinenumbers=\count343
\quotelinenumbersep=\dimen268
\bframerule=\dimen269
\bframesep=\dimen270
\bframebox=\box76
LaTeX Info: Redefining \\ on input line 3180.
)
\c@FancyVerbWriteLine=\count344
\c@FancyVerbBufferIndex=\count345
\c@FancyVerbBufferLength=\count346
\c@FancyVerbBufferLine=\count347
\c@FV@oldbufferlength=\count348
\c@FV@TrueTabGroupLevel=\count349
\c@FV@TrueTabCounter=\count350
\FV@TabBox@Group=\box77
\FV@TmpLength=\skip54
\c@FV@HighlightLinesStart=\count351
\c@FV@HighlightLinesStop=\count352
\FV@LoopCount=\count353
\FV@NCharsBox=\box78
\FV@BreakIndent=\dimen271
\FV@BreakIndentNChars=\count354
\FV@BreakSymbolSepLeft=\dimen272
\FV@BreakSymbolSepLeftNChars=\count355
\FV@BreakSymbolSepRight=\dimen273
\FV@BreakSymbolSepRightNChars=\count356
\FV@BreakSymbolIndentLeft=\dimen274
\FV@BreakSymbolIndentLeftNChars=\count357
\FV@BreakSymbolIndentRight=\dimen275
\FV@BreakSymbolIndentRightNChars=\count358
\c@FancyVerbLineBreakLast=\count359
\FV@LineBox=\box79
\FV@LineIndentBox=\box80
\c@FV@BreakBufferDepth=\count360
\FV@LineWidth=\dimen276
) (/usr/share/texlive/texmf-dist/tex/latex/tools/shellesc.sty
Package: shellesc 2023/07/08 v1.0d unified shell escape interface for LaTeX
Package shellesc Info: Unrestricted shell escape enabled on input line 75.
) (/usr/share/texlive/texmf-dist/tex/latex/ifplatform/ifplatform.sty
Package: ifplatform 2017/10/13 v0.4a Testing for the operating system
 (/usr/share/texlive/texmf-dist/tex/generic/catchfile/catchfile.sty
Package: catchfile 2019/12/09 v1.8 Catch the contents of a file (HO)

(/usr/share/texlive/texmf-dist/tex/generic/etexcmds/etexcmds.sty
Package: etexcmds 2019/12/15 v1.7 Avoid name clashes with e-TeX commands (HO)
)) (/usr/share/texlive/texmf-dist/tex/generic/iftex/ifluatex.sty
Package: ifluatex 2019/10/25 v1.5 ifluatex legacy package. Use iftex instead.
)
runsystem(uname -s > "a.w18")...executed.

 (./a.w18)
runsystem(rm -- "a.w18")...executed.

) (/usr/share/texlive/texmf-dist/tex/generic/xstring/xstring.sty (/usr/share/texlive/texmf-dist/tex/generic/xstring/xstring.tex
\xs_counta=\count361
\xs_countb=\count362
)
Package: xstring 2023/08/22 v1.86 String manipulations (CT)
) (/usr/share/texlive/texmf-dist/tex/latex/framed/framed.sty
Package: framed 2011/10/22 v 0.96: framed or shaded text with page breaks
\OuterFrameSep=\skip55
\fb@frw=\dimen277
\fb@frh=\dimen278
\FrameRule=\dimen279
\FrameSep=\dimen280
)
\minted@appexistsfile=\read6
\minted@bgbox=\box81
\minted@code=\write5
\c@minted@FancyVerbLineTemp=\count363
\c@minted@pygmentizecounter=\count364
\@float@every@listing=\toks40
\c@listing=\count365
)
runsystem(mkdir -p _minted-a)...executed.

 (/usr/share/texlive/texmf-dist/tex/latex/geometry/geometry.sty
Package: geometry 2020/01/02 v5.9 Page Geometry
 (/usr/share/texlive/texmf-dist/tex/generic/iftex/ifvtex.sty
Package: ifvtex 2019/10/25 v1.7 ifvtex legacy package. Use iftex instead.
)
\Gm@cnth=\count366
\Gm@cntv=\count367
\c@Gm@tempcnt=\count368
\Gm@bindingoffset=\dimen281
\Gm@wd@mp=\dimen282
\Gm@odd@mp=\dimen283
\Gm@even@mp=\dimen284
\Gm@layoutwidth=\dimen285
\Gm@layoutheight=\dimen286
\Gm@layouthoffset=\dimen287
\Gm@layoutvoffset=\dimen288
\Gm@dimlist=\toks41
)

Package fontspec Info: Font family 'TimesNewRoman(0)' created for font 'Times
(fontspec)             New Roman' with options [Ligatures=TeX].
(fontspec)              
(fontspec)              This font family consists of the following NFSS
(fontspec)             series/shapes:
(fontspec)              
(fontspec)             - 'normal' (m/n) with NFSS spec.: <->"Times New
(fontspec)             Roman/OT:language=dflt;mapping=tex-text;"
(fontspec)             - 'small caps'  (m/sc) with NFSS spec.: 
(fontspec)             - 'bold' (b/n) with NFSS spec.: <->"Times New
(fontspec)             Roman/B/OT:language=dflt;mapping=tex-text;"
(fontspec)             - 'bold small caps'  (b/sc) with NFSS spec.: 
(fontspec)             - 'italic' (m/it) with NFSS spec.: <->"Times New
(fontspec)             Roman/I/OT:language=dflt;mapping=tex-text;"
(fontspec)             - 'italic small caps'  (m/scit) with NFSS spec.: 
(fontspec)             - 'bold italic' (b/it) with NFSS spec.: <->"Times New
(fontspec)             Roman/BI/OT:language=dflt;mapping=tex-text;"
(fontspec)             - 'bold italic small caps'  (b/scit) with NFSS spec.: 

runsystem(command -v pygmentize && touch a.aex)...executed.

runsystem(rm a.aex)...executed.

 (./a.aux

LaTeX Warning: Label `fig:sub2' multiply defined.


LaTeX Warning: Label `sub@fig:sub2' multiply defined.


LaTeX Warning: Label `fig:double' multiply defined.


LaTeX Warning: Label `fig:two_thirds' multiply defined.


LaTeX Warning: Label `fig:two_thirds' multiply defined.


LaTeX Warning: Label `fig:acc_vs_epochs' multiply defined.


LaTeX Warning: Label `fig:double' multiply defined.


LaTeX Warning: Label `fig:double' multiply defined.


LaTeX Warning: Label `fig:half' multiply defined.


LaTeX Warning: Label `fig:same' multiply defined.


LaTeX Warning: Label `fig:two_thirds' multiply defined.


LaTeX Warning: Label `fig:double' multiply defined.


LaTeX Warning: Label `fig:half' multiply defined.


LaTeX Warning: Label `fig:same' multiply defined.


LaTeX Warning: Label `fig:double' multiply defined.


LaTeX Warning: Label `fig:half' multiply defined.


LaTeX Warning: Label `fig:same' multiply defined.


LaTeX Warning: Label `fig:same' multiply defined.


LaTeX Warning: Label `fig:same' multiply defined.


LaTeX Warning: Label `fig:double' multiply defined.


LaTeX Warning: Label `fig:double' multiply defined.


LaTeX Warning: Label `fig:double' multiply defined.


LaTeX Warning: Label `fig:double' multiply defined.


LaTeX Warning: Label `fig:double' multiply defined.


LaTeX Warning: Label `fig:double' multiply defined.


LaTeX Warning: Label `fig:double' multiply defined.


LaTeX Warning: Label `fig:double' multiply defined.


LaTeX Warning: Label `fig:double' multiply defined.

)
\openout1 = `a.aux'.

LaTeX Font Info:    Checking defaults for OML/cmm/m/it on input line 59.
LaTeX Font Info:    ... okay on input line 59.
LaTeX Font Info:    Checking defaults for OMS/cmsy/m/n on input line 59.
LaTeX Font Info:    ... okay on input line 59.
LaTeX Font Info:    Checking defaults for OT1/cmr/m/n on input line 59.
LaTeX Font Info:    ... okay on input line 59.
LaTeX Font Info:    Checking defaults for T1/cmr/m/n on input line 59.
LaTeX Font Info:    ... okay on input line 59.
LaTeX Font Info:    Checking defaults for TS1/cmr/m/n on input line 59.
LaTeX Font Info:    Trying to load font information for TS1+cmr on input line 59.
 (/usr/share/texlive/texmf-dist/tex/latex/base/ts1cmr.fd
File: ts1cmr.fd 2023/04/13 v2.5m Standard LaTeX font definitions
)
LaTeX Font Info:    ... okay on input line 59.
LaTeX Font Info:    Checking defaults for TU/lmr/m/n on input line 59.
LaTeX Font Info:    ... okay on input line 59.
LaTeX Font Info:    Checking defaults for OMX/cmex/m/n on input line 59.
LaTeX Font Info:    ... okay on input line 59.
LaTeX Font Info:    Checking defaults for U/cmr/m/n on input line 59.
LaTeX Font Info:    ... okay on input line 59.
LaTeX Font Info:    Checking defaults for PD1/pdf/m/n on input line 59.
LaTeX Font Info:    ... okay on input line 59.
LaTeX Font Info:    Checking defaults for PU/pdf/m/n on input line 59.
LaTeX Font Info:    ... okay on input line 59.

Package fontspec Info: Adjusting the maths setup (use [no-math] to avoid
(fontspec)             this).

\symlegacymaths=\mathgroup4
LaTeX Font Info:    Overwriting symbol font `legacymaths' in version `bold'
(Font)                  OT1/cmr/m/n --> OT1/cmr/bx/n on input line 59.
LaTeX Font Info:    Redeclaring math accent \acute on input line 59.
LaTeX Font Info:    Redeclaring math accent \grave on input line 59.
LaTeX Font Info:    Redeclaring math accent \ddot on input line 59.
LaTeX Font Info:    Redeclaring math accent \tilde on input line 59.
LaTeX Font Info:    Redeclaring math accent \bar on input line 59.
LaTeX Font Info:    Redeclaring math accent \breve on input line 59.
LaTeX Font Info:    Redeclaring math accent \check on input line 59.
LaTeX Font Info:    Redeclaring math accent \hat on input line 59.
LaTeX Font Info:    Redeclaring math accent \dot on input line 59.
LaTeX Font Info:    Redeclaring math accent \mathring on input line 59.
LaTeX Font Info:    Redeclaring math symbol \colon on input line 59.
LaTeX Font Info:    Redeclaring math symbol \Gamma on input line 59.
LaTeX Font Info:    Redeclaring math symbol \Delta on input line 59.
LaTeX Font Info:    Redeclaring math symbol \Theta on input line 59.
LaTeX Font Info:    Redeclaring math symbol \Lambda on input line 59.
LaTeX Font Info:    Redeclaring math symbol \Xi on input line 59.
LaTeX Font Info:    Redeclaring math symbol \Pi on input line 59.
LaTeX Font Info:    Redeclaring math symbol \Sigma on input line 59.
LaTeX Font Info:    Redeclaring math symbol \Upsilon on input line 59.
LaTeX Font Info:    Redeclaring math symbol \Phi on input line 59.
LaTeX Font Info:    Redeclaring math symbol \Psi on input line 59.
LaTeX Font Info:    Redeclaring math symbol \Omega on input line 59.
LaTeX Font Info:    Redeclaring math symbol \mathdollar on input line 59.
LaTeX Font Info:    Redeclaring symbol font `operators' on input line 59.
LaTeX Font Info:    Encoding `OT1' has changed to `TU' for symbol font
(Font)              `operators' in the math version `normal' on input line 59.
LaTeX Font Info:    Overwriting symbol font `operators' in version `normal'
(Font)                  OT1/cmr/m/n --> TU/TimesNewRoman(0)/m/n on input line 59.
LaTeX Font Info:    Encoding `OT1' has changed to `TU' for symbol font
(Font)              `operators' in the math version `bold' on input line 59.
LaTeX Font Info:    Overwriting symbol font `operators' in version `bold'
(Font)                  OT1/cmr/bx/n --> TU/TimesNewRoman(0)/m/n on input line 59.
LaTeX Font Info:    Overwriting symbol font `operators' in version `normal'
(Font)                  TU/TimesNewRoman(0)/m/n --> TU/TimesNewRoman(0)/m/n on input line 59.
LaTeX Font Info:    Overwriting math alphabet `\mathit' in version `normal'
(Font)                  OT1/cmr/m/it --> TU/TimesNewRoman(0)/m/it on input line 59.
LaTeX Font Info:    Overwriting math alphabet `\mathbf' in version `normal'
(Font)                  OT1/cmr/bx/n --> TU/TimesNewRoman(0)/b/n on input line 59.
LaTeX Font Info:    Overwriting math alphabet `\mathsf' in version `normal'
(Font)                  OT1/cmss/m/n --> TU/lmss/m/n on input line 59.
LaTeX Font Info:    Overwriting math alphabet `\mathtt' in version `normal'
(Font)                  OT1/cmtt/m/n --> TU/lmtt/m/n on input line 59.
LaTeX Font Info:    Overwriting symbol font `operators' in version `bold'
(Font)                  TU/TimesNewRoman(0)/m/n --> TU/TimesNewRoman(0)/b/n on input line 59.
LaTeX Font Info:    Overwriting math alphabet `\mathit' in version `bold'
(Font)                  OT1/cmr/bx/it --> TU/TimesNewRoman(0)/b/it on input line 59.
LaTeX Font Info:    Overwriting math alphabet `\mathsf' in version `bold'
(Font)                  OT1/cmss/bx/n --> TU/lmss/b/n on input line 59.
LaTeX Font Info:    Overwriting math alphabet `\mathtt' in version `bold'
(Font)                  OT1/cmtt/m/n --> TU/lmtt/b/n on input line 59.
Package hyperref Info: Link coloring OFF on input line 59.
 (./a.out) (./a.out)
\@outlinefile=\write6
\openout6 = `a.out'.

Package caption Info: Begin \AtBeginDocument code.
Package caption Info: listings package is loaded.
Package caption Info: End \AtBeginDocument code.
\c@lstlisting=\count369

*geometry* driver: auto-detecting
*geometry* detected driver: xetex
*geometry* verbose mode - [ preamble ] result:
* driver: xetex
* paper: a4paper
* layout: <same size as paper>
* layoutoffset:(h,v)=(0.0pt,0.0pt)
* modes: 
* h-part:(L,W,R)=(72.26999pt, 452.9679pt, 72.26999pt)
* v-part:(T,H,B)=(72.26999pt, 700.50687pt, 72.26999pt)
* \paperwidth=597.50787pt
* \paperheight=845.04684pt
* \textwidth=452.9679pt
* \textheight=700.50687pt
* \oddsidemargin=0.0pt
* \evensidemargin=0.0pt
* \topmargin=-37.0pt
* \headheight=12.0pt
* \headsep=25.0pt
* \topskip=11.0pt
* \footskip=30.0pt
* \marginparwidth=50.0pt
* \marginparsep=10.0pt
* \columnsep=10.0pt
* \skip\footins=10.0pt plus 4.0pt minus 2.0pt
* \hoffset=0.0pt
* \voffset=0.0pt
* \mag=1000
* \@twocolumnfalse
* \@twosidefalse
* \@mparswitchfalse
* \@reversemarginfalse
* (1in=72.27pt=25.4mm, 1cm=28.453pt)

LaTeX Font Info:    External font `cmex10' loaded for size
(Font)              <12> on input line 70.
LaTeX Font Info:    External font `cmex10' loaded for size
(Font)              <8> on input line 70.
LaTeX Font Info:    External font `cmex10' loaded for size
(Font)              <6> on input line 70.
(./a.toc
LaTeX Font Info:    External font `cmex10' loaded for size
(Font)              <10.95> on input line 5.
)
\tf@toc=\write7
\openout7 = `a.toc'.

 [1

]
\openout4 = `a.pyg'.

 (./_minted-a/friendly.pygstyle) (./_minted-a/39A91BDD0F0E28024A6AE74767622C8F833CCD26EF13FBEA72DEAA18119173A8.pygtex
LaTeX Font Info:    Font shape `TU/lmtt/bx/n' in size <10> not available
(Font)              Font shape `TU/lmtt/b/n' tried instead on input line 3.
)
\openout4 = `a.pyg'.

 (./_minted-a/F22717A7F708658C02AEC9E8296B2358833CCD26EF13FBEA72DEAA18119173A8.pygtex)
\openout4 = `a.pyg'.

 (./_minted-a/2E7AEF7F5B8A1811FB4070C72BC8F8C8833CCD26EF13FBEA72DEAA18119173A8.pygtex) [2]
\openout4 = `a.pyg'.

 (./_minted-a/6E10633EC813D97222E104D93C83E69FA8FA9B3BA203637183F0BD6ACE3AD8C5.pygtex
LaTeX Font Info:    Font shape `TU/lmtt/bx/n' in size <10.95> not available
(Font)              Font shape `TU/lmtt/b/n' tried instead on input line 2.
)
\openout4 = `a.pyg'.

 (./_minted-a/EA38A3E7FB478AEC04E9791B95A3F89CA8FA9B3BA203637183F0BD6ACE3AD8C5.pygtex)
File: screenshots/SGD_mom0.0_lr0.001_two_thirds_Relu_cross entropy_None_more_layers_04_06_11_01_58/Plot.png Graphic file (type bmp)
<screenshots/SGD_mom0.0_lr0.001_two_thirds_Relu_cross entropy_None_more_layers_04_06_11_01_58/Plot.png>
LaTeX Info: Redefining \anw@print on input line 169.

Missing character: There is no ʹ (U+0374) in font Times New Roman/OT:language=dflt;mapping=tex-text;!
LaTeX Info: Redefining \anw@print on input line 169.
Missing character: There is no ʹ (U+0374) in font Times New Roman/OT:language=dflt;mapping=tex-text;!
LaTeX Info: Redefining \anw@print on input line 169.
Missing character: There is no ʹ (U+0374) in font Times New Roman/OT:language=dflt;mapping=tex-text;!
LaTeX Info: Redefining \anw@print on input line 169.
Missing character: There is no ʹ (U+0374) in font Times New Roman/OT:language=dflt;mapping=tex-text;!
File: screenshots/SGD_mom0.0_lr0.001_two_thirds_Relu_cross entropy_None_more_layers_04_06_11_06_53/Plot.png Graphic file (type bmp)
<screenshots/SGD_mom0.0_lr0.001_two_thirds_Relu_cross entropy_None_more_layers_04_06_11_06_53/Plot.png>
LaTeX Info: Redefining \anw@print on input line 175.
Missing character: There is no ʹ (U+0374) in font Times New Roman/OT:language=dflt;mapping=tex-text;!
LaTeX Info: Redefining \anw@print on input line 175.
Missing character: There is no ʹ (U+0374) in font Times New Roman/OT:language=dflt;mapping=tex-text;!
LaTeX Info: Redefining \anw@print on input line 175.
Missing character: There is no ʹ (U+0374) in font Times New Roman/OT:language=dflt;mapping=tex-text;!
LaTeX Info: Redefining \anw@print on input line 175.
Missing character: There is no ʹ (U+0374) in font Times New Roman/OT:language=dflt;mapping=tex-text;!
File: screenshots/SGD_mom0.0_lr0.001_two_thirds_Relu_cross entropy_None_more_layers_04_06_11_11_44/Plot.png Graphic file (type bmp)
<screenshots/SGD_mom0.0_lr0.001_two_thirds_Relu_cross entropy_None_more_layers_04_06_11_11_44/Plot.png>
LaTeX Info: Redefining \anw@print on input line 180.
Missing character: There is no ʹ (U+0374) in font Times New Roman/OT:language=dflt;mapping=tex-text;!
LaTeX Info: Redefining \anw@print on input line 180.
Missing character: There is no ʹ (U+0374) in font Times New Roman/OT:language=dflt;mapping=tex-text;!
LaTeX Info: Redefining \anw@print on input line 180.
Missing character: There is no ʹ (U+0374) in font Times New Roman/OT:language=dflt;mapping=tex-text;!
LaTeX Info: Redefining \anw@print on input line 180.
Missing character: There is no ʹ (U+0374) in font Times New Roman/OT:language=dflt;mapping=tex-text;!
[3]
Overfull \hbox (10.77753pt too wide) in paragraph at lines 192--196
[]\TU/TimesNewRoman(0)/m/n/10.95 Για την αξιόπιστη εκτίμηση των επιδόσεων των μοντέλων, χρησιμοποιήθηκε \TU/TimesNewRoman(0)/m/it/10.95 5-fold Cross Validation\TU/TimesNewRoman(0)/m/n/10.95 .Τα
 []

[4]
\openout4 = `a.pyg'.

 (./_minted-a/A11D1AE015DA9CA54D2A7EA2367765BFA8FA9B3BA203637183F0BD6ACE3AD8C5.pygtex
LaTeX Font Info:    Font shape `TU/lmtt/bx/n' in size <9> not available
(Font)              Font shape `TU/lmtt/b/n' tried instead on input line 2.
)
\openout4 = `a.pyg'.

 (./_minted-a/EBB7764087F3BD22F51909DE4AD73307A8FA9B3BA203637183F0BD6ACE3AD8C5.pygtex)
File: /home/nikolis/Desktop/5o_etos/ai/predicting_alzheimers/latex/screenshots/pr.png Graphic file (type bmp)
</home/nikolis/Desktop/5o_etos/ai/predicting_alzheimers/latex/screenshots/pr.png>
 [5]
\openout4 = `a.pyg'.

 (./_minted-a/0FCE35B225E5E7B7B3E5B295648425FA833CCD26EF13FBEA72DEAA18119173A8.pygtex [6])
\openout4 = `a.pyg'.

 (./_minted-a/FD5E5E988B61A872E0FC75881D6E8807833CCD26EF13FBEA72DEAA18119173A8.pygtex) [7]
File: /home/nikolis/Desktop/5o_etos/ai/predicting_alzheimers/latex/screenshots/Figure_1.png Graphic file (type bmp)
</home/nikolis/Desktop/5o_etos/ai/predicting_alzheimers/latex/screenshots/Figure_1.png>
File: /home/nikolis/Desktop/5o_etos/ai/predicting_alzheimers/screenshots/SGD_mom0.0_lr0.001_double_Relu_cross entropy_None_04-03_21-34-38/Plot.png Graphic file (type bmp)
</home/nikolis/Desktop/5o_etos/ai/predicting_alzheimers/screenshots/SGD_mom0.0_lr0.001_double_Relu_cross entropy_None_04-03_21-34-38/Plot.png>
File: /home/nikolis/Desktop/5o_etos/ai/predicting_alzheimers/screenshots/SGD_mom0.0_lr0.001_half_Relu_cross entropy_None_04-03_21-42-33/Plot.png Graphic file (type bmp)
</home/nikolis/Desktop/5o_etos/ai/predicting_alzheimers/screenshots/SGD_mom0.0_lr0.001_half_Relu_cross entropy_None_04-03_21-42-33/Plot.png>
 [8]
File: /home/nikolis/Desktop/5o_etos/ai/predicting_alzheimers/screenshots/SGD_mom0.0_lr0.001_same_Relu_cross entropy_None_04-03_21-30-46/Plot.png Graphic file (type bmp)
</home/nikolis/Desktop/5o_etos/ai/predicting_alzheimers/screenshots/SGD_mom0.0_lr0.001_same_Relu_cross entropy_None_04-03_21-30-46/Plot.png>
File: screenshots/SGD_mom0.0_lr0.001_two_thirds_Relu_cross entropy_None_more_layers_04_06_11_11_44/Plot.png Graphic file (type bmp)
<screenshots/SGD_mom0.0_lr0.001_two_thirds_Relu_cross entropy_None_more_layers_04_06_11_11_44/Plot.png>
 [9]
File: screenshots/1.png Graphic file (type bmp)
<screenshots/1.png>
File: screenshots/2.png Graphic file (type bmp)
<screenshots/2.png>
 [10]
File: /home/nikolis/Desktop/5o_etos/ai/predicting_alzheimers/latex/screenshots/SGD_mom0.0_lr0.001_two_thirds_Relu_cross entropy_None_more_layers_04-06_16-51-07/Plot.png Graphic file (type bmp)
</home/nikolis/Desktop/5o_etos/ai/predicting_alzheimers/latex/screenshots/SGD_mom0.0_lr0.001_two_thirds_Relu_cross entropy_None_more_layers_04-06_16-51-07/Plot.png>
 [11]
\openout4 = `a.pyg'.

 (./_minted-a/05C7B616FB5B19A246B141C317C1B742A8FA9B3BA203637183F0BD6ACE3AD8C5.pygtex)
File: /home/nikolis/Desktop/5o_etos/ai/predicting_alzheimers/latex/screenshots/Figure_2.png Graphic file (type bmp)
</home/nikolis/Desktop/5o_etos/ai/predicting_alzheimers/latex/screenshots/Figure_2.png>
File: /home/nikolis/Desktop/5o_etos/ai/predicting_alzheimers/screenshots/SGD_mom0.2_lr0.001_double_Relu_cross entropy_None_04-03_21-46-38/Plot.png Graphic file (type bmp)
</home/nikolis/Desktop/5o_etos/ai/predicting_alzheimers/screenshots/SGD_mom0.2_lr0.001_double_Relu_cross entropy_None_04-03_21-46-38/Plot.png>
 [12]
File: /home/nikolis/Desktop/5o_etos/ai/predicting_alzheimers/screenshots/SGD_mom0.6_lr0.001_double_Relu_cross entropy_None_04-03_21-50-11/Plot.png Graphic file (type bmp)
</home/nikolis/Desktop/5o_etos/ai/predicting_alzheimers/screenshots/SGD_mom0.6_lr0.001_double_Relu_cross entropy_None_04-03_21-50-11/Plot.png>
File: /home/nikolis/Desktop/5o_etos/ai/predicting_alzheimers/latex/screenshots/SGD_mom0.6_lr0.05_double_Relu_cross entropy_None_more_layers_04-06_17-04-49/Plot.png Graphic file (type bmp)
</home/nikolis/Desktop/5o_etos/ai/predicting_alzheimers/latex/screenshots/SGD_mom0.6_lr0.05_double_Relu_cross entropy_None_more_layers_04-06_17-04-49/Plot.png>
File: /home/nikolis/Desktop/5o_etos/ai/predicting_alzheimers/screenshots/SGD_mom0.6_lr0.1_double_Relu_cross entropy_None_04-03_21-52-53/Plot.png Graphic file (type bmp)
</home/nikolis/Desktop/5o_etos/ai/predicting_alzheimers/screenshots/SGD_mom0.6_lr0.1_double_Relu_cross entropy_None_04-03_21-52-53/Plot.png>
 [13] [14]
File: /home/nikolis/Desktop/5o_etos/ai/predicting_alzheimers/screenshots/SGD_mom0.6_lr0.001_double_Relu_cross entropy_0.0001_04_03_21_53_08/Plot.png Graphic file (type bmp)
</home/nikolis/Desktop/5o_etos/ai/predicting_alzheimers/screenshots/SGD_mom0.6_lr0.001_double_Relu_cross entropy_0.0001_04_03_21_53_08/Plot.png>
File: /home/nikolis/Desktop/5o_etos/ai/predicting_alzheimers/screenshots/SGD_mom0.6_lr0.001_double_Relu_cross entropy_0.001_04_03_21_55_20/Plot.png Graphic file (type bmp)
</home/nikolis/Desktop/5o_etos/ai/predicting_alzheimers/screenshots/SGD_mom0.6_lr0.001_double_Relu_cross entropy_0.001_04_03_21_55_20/Plot.png>
File: /home/nikolis/Desktop/5o_etos/ai/predicting_alzheimers/screenshots/SGD_mom0.6_lr0.001_double_Relu_cross entropy_0.01_04_03_21_57_50/Plot.png Graphic file (type bmp)
</home/nikolis/Desktop/5o_etos/ai/predicting_alzheimers/screenshots/SGD_mom0.6_lr0.001_double_Relu_cross entropy_0.01_04_03_21_57_50/Plot.png>
 [15]
File: /home/nikolis/Desktop/5o_etos/ai/predicting_alzheimers/screenshots/SGD_mom0.6_lr0.001_double_Relu_cross entropy_0.0001_04_03_22_02_21/Plot.png Graphic file (type bmp)
</home/nikolis/Desktop/5o_etos/ai/predicting_alzheimers/screenshots/SGD_mom0.6_lr0.001_double_Relu_cross entropy_0.0001_04_03_22_02_21/Plot.png>
File: /home/nikolis/Desktop/5o_etos/ai/predicting_alzheimers/screenshots/SGD_mom0.6_lr0.001_double_Relu_cross entropy_0.001_04-03_22_04_47/Plot.png Graphic file (type bmp)
</home/nikolis/Desktop/5o_etos/ai/predicting_alzheimers/screenshots/SGD_mom0.6_lr0.001_double_Relu_cross entropy_0.001_04-03_22_04_47/Plot.png>
 [16]
File: /home/nikolis/Desktop/5o_etos/ai/predicting_alzheimers/screenshots/SGD_mom0.6_lr0.001_double_Relu_cross entropy_0.01_04_03_22_09_17/Plot.png Graphic file (type bmp)
</home/nikolis/Desktop/5o_etos/ai/predicting_alzheimers/screenshots/SGD_mom0.6_lr0.001_double_Relu_cross entropy_0.01_04_03_22_09_17/Plot.png>
File: /home/nikolis/Desktop/5o_etos/ai/predicting_alzheimers/screenshots/last/Plot.png Graphic file (type bmp)
</home/nikolis/Desktop/5o_etos/ai/predicting_alzheimers/screenshots/last/Plot.png>
 [17]
File: /home/nikolis/Desktop/5o_etos/ai/predicting_alzheimers/latex/screenshots/Figure_3.png Graphic file (type bmp)
</home/nikolis/Desktop/5o_etos/ai/predicting_alzheimers/latex/screenshots/Figure_3.png>
 [18]
Underfull \hbox (badness 10000) in paragraph at lines 634--636

 []

File: /home/nikolis/Desktop/5o_etos/ai/predicting_alzheimers/screenshots/5.png Graphic file (type bmp)
</home/nikolis/Desktop/5o_etos/ai/predicting_alzheimers/screenshots/5.png>

LaTeX Warning: `!h' float specifier changed to `!ht'.

File: /home/nikolis/Desktop/5o_etos/ai/predicting_alzheimers/screenshots_l1/best/Plot.png Graphic file (type bmp)
</home/nikolis/Desktop/5o_etos/ai/predicting_alzheimers/screenshots_l1/best/Plot.png>
[19]
File: /home/nikolis/Desktop/5o_etos/ai/predicting_alzheimers/screenshots_l1/worst/Plot.png Graphic file (type bmp)
</home/nikolis/Desktop/5o_etos/ai/predicting_alzheimers/screenshots_l1/worst/Plot.png>
 [20]
File: /home/nikolis/Desktop/5o_etos/ai/predicting_alzheimers/screenshots/6.png Graphic file (type bmp)
</home/nikolis/Desktop/5o_etos/ai/predicting_alzheimers/screenshots/6.png>
File: /home/nikolis/Desktop/5o_etos/ai/predicting_alzheimers/screenshots/7.png Graphic file (type bmp)
</home/nikolis/Desktop/5o_etos/ai/predicting_alzheimers/screenshots/7.png>
 [21]
File: /home/nikolis/Desktop/5o_etos/ai/predicting_alzheimers/screenshots/8.png Graphic file (type bmp)
</home/nikolis/Desktop/5o_etos/ai/predicting_alzheimers/screenshots/8.png>


LaTeX Warning: `!h' float specifier changed to `!ht'.

[22]
File: /home/nikolis/Desktop/5o_etos/ai/predicting_alzheimers/screenshots/best/Plot.png Graphic file (type bmp)
</home/nikolis/Desktop/5o_etos/ai/predicting_alzheimers/screenshots/best/Plot.png>
File: /home/nikolis/Desktop/5o_etos/ai/predicting_alzheimers/screenshots/9.png Graphic file (type bmp)
</home/nikolis/Desktop/5o_etos/ai/predicting_alzheimers/screenshots/9.png>
 [23]
File: /home/nikolis/Desktop/5o_etos/ai/predicting_alzheimers/screenshots/10.png Graphic file (type bmp)
</home/nikolis/Desktop/5o_etos/ai/predicting_alzheimers/screenshots/10.png>
 [24] [25] [26]
\openout4 = `a.pyg'.

 (./_minted-a/D3AC06999DC207C7059D06B7C684334C33F5A3A255BCE7A01DEAF635ED04F3F2.pygtex) [27] (./a.aux)
 ***********
LaTeX2e <2023-11-01> patch level 1
L3 programming layer <2024-01-22>
 ***********


LaTeX Warning: There were multiply-defined labels.

Package rerunfilecheck Info: File `a.out' has not changed.
(rerunfilecheck)             Checksum: B25803A28E8569CDA09CA5AE710B864F;8277.
runsystem(rm a.pyg)...executed.

 ) 
Here is how much of TeX's memory you used:
 30870 strings out of 474878
 661627 string characters out of 5762515
 1934627 words of memory out of 5000000
 52363 multiletter control sequences out of 15000+600000
 562337 words of font info for 81 fonts, out of 8000000 for 9000
 1348 hyphenation exceptions out of 8191
 101i,9n,107p,614b,806s stack positions out of 10000i,1000n,20000p,200000b,200000s

Output written on a.pdf (27 pages).
